生成启动时间为 2018/10/14 11:29:31。
     1>项目“D:\GitHub-clone\6.bit-work\6.work\6.work\6.work.vcxproj”在节点 2 上(Build 个目标)。
     1>ClCompile:
         D:\vs\VC\bin\CL.exe /c /ZI /nologo /W3 /WX- /sdl /Od /Oy- /D _MBCS /Gm /EHsc /RTC1 /MDd /GS /fp:precise /Zc:wchar_t /Zc:forScope /Fo"Debug\\" /Fd"Debug\vc120.pdb" /Gd /TC /analyze- /errorReport:prompt 3.c 4.c
         4.c
         3.c
         正在生成代码...
     1>d:\github-clone\6.bit-work\6.work\6.work\4.c(12): warning C4716: “digit”: 必须返回一个值
       Link:
         D:\vs\VC\bin\link.exe /ERRORREPORT:PROMPT /OUT:"D:\GitHub-clone\6.bit-work\6.work\Debug\6.work.exe" /INCREMENTAL /NOLOGO kernel32.lib user32.lib gdi32.lib winspool.lib comdlg32.lib advapi32.lib shell32.lib ole32.lib oleaut32.lib uuid.lib odbc32.lib odbccp32.lib /MANIFEST /MANIFESTUAC:"level='asInvoker' uiAccess='false'" /manifest:embed /DEBUG /PDB:"D:\GitHub-clone\6.bit-work\6.work\Debug\6.work.pdb" /TLBID:1 /DYNAMICBASE /NXCOMPAT /IMPLIB:"D:\GitHub-clone\6.bit-work\6.work\Debug\6.work.lib" /MACHINE:X86 Debug\1.obj
         Debug\2.obj
         Debug\3.obj
         Debug\4.obj
         Debug\5.obj
         Debug\6.obj
         Debug\7.obj
         6.work.vcxproj -> D:\GitHub-clone\6.bit-work\6.work\Debug\6.work.exe
     1>已完成生成项目“D:\GitHub-clone\6.bit-work\6.work\6.work\6.work.vcxproj”(Build 个目标)的操作。

生成成功。

已用时间 00:00:00.93
